(priority-arbiter) PS C:\Users\SreekanthBillupati\Downloads\Phinity_final\priority_arbiter\tests> 
(priority-arbiter) PS C:\Users\SreekanthBillupati\Downloads\Phinity_final\priority_arbiter\tests> 
(priority-arbiter) PS C:\Users\SreekanthBillupati\Downloads\Phinity_final\priority_arbiter\tests> 
(priority-arbiter) PS C:\Users\SreekanthBillupati\Downloads\Phinity_final\priority_arbiter\tests> uv run pytest test_priority_arbiter_hidden.py::test_priority_arbiter_hidden_runner -v
========================================== test session starts ===========================================
platform win32 -- Python 3.13.7, pytest-9.0.2, pluggy-1.6.0 -- C:\Users\SreekanthBillupati\Downloads\Phinity_final\priority_arbiter\.venv\Scripts\python.exe
cachedir: .pytest_cache
rootdir: C:\Users\SreekanthBillupati\Downloads\Phinity_final\priority_arbiter
configfile: pyproject.toml
collected 1 item                                                                                          

test_priority_arbiter_hidden.py::test_priority_arbiter_hidden_runner PASSED                         [100%]

=========================================== 1 passed in 2.67s ============================================
(priority-arbiter) PS C:\Users\SreekanthBillupati\Downloads\Phinity_final\priority_arbiter\tests> uv run pytest test_priority_arbiter_hidden.py::test_priority_arbiter_hidden_runner -v
========================================== test session starts ===========================================
platform win32 -- Python 3.13.7, pytest-9.0.2, pluggy-1.6.0 -- C:\Users\SreekanthBillupati\Downloads\Phinity_final\priority_arbiter\.venv\Scripts\python.exe
cachedir: .pytest_cache
rootdir: C:\Users\SreekanthBillupati\Downloads\Phinity_final\priority_arbiter
configfile: pyproject.toml
collected 1 item                                                                                          

test_priority_arbiter_hidden.py::test_priority_arbiter_hidden_runner FAILED                         [100%]

================================================ FAILURES ================================================ 
__________________________________ test_priority_arbiter_hidden_runner ___________________________________ 

    def test_priority_arbiter_hidden_runner():

        sim = os.getenv("SIM", "icarus")

        proj_path = Path(__file__).resolve().parent.parent

        sources = [proj_path / "sources/priority_arbiter.v"]
        runner = get_runner(sim)
        runner.build(
            sources=sources,
            hdl_toplevel="priority_arbiter",
            always=True,
        )

>       runner.test(hdl_toplevel="priority_arbiter", test_module="test_priority_arbiter_hidden")
E       SystemExit: 1

test_priority_arbiter_hidden.py:77: SystemExit
------------------------------------------ Captured stdout call ------------------------------------------ 
     -.--ns INFO     gpi                                ..mbed\gpi_embed.cpp:94   in _embed_init_python              Using Python 3.13.0rc1 interpreter at C:\Users\SreekanthBillupati\Downloads\Phinity_final\priority_arbiter\.venv\Scripts\python.exe
     -.--ns INFO     gpi                                ..\gpi\GpiCommon.cpp:79   in gpi_print_registered_impl       VPI registered
     0.00ns INFO     cocotb                             Running on Icarus Verilog version 12.0 (devel)     
     0.00ns WARNING  gpi                                vpi_iterate returned NULL for type vpiInstance for object NULL
     0.00ns INFO     cocotb                             Seeding Python random module with 1771138531       
     0.00ns INFO     cocotb                             Initialized cocotb v2.0.1 from C:\Users\SreekanthBillupati\Downloads\Phinity_final\priority_arbiter\.venv\Lib\site-packages\cocotb
     0.00ns INFO     cocotb                             Running tests
     0.00ns INFO     cocotb.regression                  running test_priority_arbiter_hidden.test_priority_arbiter (1/1)
                                                            Test priority arbiter with known input/output pairs
     0.00ns WARNING  py.warnings                        C:\Users\SreekanthBillupati\Downloads\Phinity_final\priority_arbiter\tests\test_priority_arbiter_hidden.py:17: DeprecationWarning: The 'units' argument has been renamed to 'unit'.
                                                          clock = Clock(dut.clk_i, 10, units="ns")
    30.00ns WARNING  py.warnings                        C:\Users\SreekanthBillupati\Downloads\Phinity_final\priority_arbiter\tests\test_priority_arbiter_hidden.py:45: DeprecationWarning: The 'units' argument has been renamed to 'unit'.
                                                          await Timer(1, units="ns")  # Small delay for signal propagation
    31.00ns WARNING  py.warnings                        C:\Users\SreekanthBillupati\Downloads\Phinity_final\priority_arbiter\tests\test_priority_arbiter_hidden.py:47: DeprecationWarning: `logic_array.integer` getter is deprecated. Use `logic_array.to_unsigned()` instead.
                                                          actual_gnt = dut.gnt_o.value.integer
    31.00ns INFO     cocotb.priority_arbiter            PASS: req_i=0b0000 -> gnt_o=0b0000
    41.00ns ERROR    cocotb.priority_arbiter            FAIL: req_i=0b0001, expected gnt_o=0b0001, got gnt_o=0b0000
    41.00ns WARNING  ..ty_arbiter.test_priority_arbiter Mismatch for req_i=0b0001
                                                        assert False
                                                        Traceback (most recent call last):
                                                          File "C:\Users\SreekanthBillupati\Downloads\Phinity_final\priority_arbiter\tests\test_priority_arbiter_hidden.py", line 54, in test_priority_arbiter        
                                                            assert False, f"Mismatch for req_i=0b{req:04b}"
                                                        AssertionError: Mismatch for req_i=0b0001
                                                        assert False
    41.00ns WARNING  cocotb.regression                  test_priority_arbiter_hidden.test_priority_arbiter failed
    41.00ns INFO     cocotb.regression                  ************************************************************************************************************
                                                        ** TEST                                            
    STATUS  SIM TIME (ns)  REAL TIME (s)  RATIO (ns/s) **
                                                        ************************************************************************************************************
                                                        ** test_priority_arbiter_hidden.test_priority_arbiter   FAIL          41.00           0.00       9123.37  **
                                                        ************************************************************************************************************
                                                        ** TESTS=1 PASS=0 FAIL=1 SKIP=0                                       41.00           0.01       3793.41  **
                                                        ************************************************************************************************************
*********************************************************
                                                        ** test_priority_arbiter_hidden.test_priority_arbiter   FAIL          41.00           0.00       9123.37  **
                                                        ************************************************************************************************************
                                                        ** TESTS=1 PASS=0 FAIL=1 SKIP=0                                       41.00           0.01       3793.41  **
                                                        ************************************************************************************************************
------------------------------------------- Captured log call -------------------------------------------- 
INFO     Icarus:runner.py:632 Running command iverilog -o 'C:\Users\SreekanthBillupati\Downloads\Phinity_final\priority_arbiter\tests\sim_build\sim.vvp' -s priority_arbiter -g2012 'C:\Users\SreekanthBillupati\Downloads\Phinity_final\priority_arbiter\sources\priority_arbiter.v' in directory C:\Users\SreekanthBillupati\Downloads\Phinity_final\priority_arbiter\tests\sim_build
INFO     Icarus:runner.py:632 Running command vvp -M 'C:\Users\SreekanthBillupati\Downloads\Phinity_final\priority_arbiter\.venv\Lib\site-packages\cocotb\libs' -m cocotbvpi_icarus 'C:\Users\SreekanthBillupati\Downloads\Phinity_final\priority_arbiter\tests\sim_build\sim.vvp' -none in directory C:\Users\SreekanthBillupati\Downloads\Phinity_final\priority_arbiter\tests\sim_build
ERROR    Icarus:runner.py:572 ERROR: Failed 1 of 1 tests.
======================================== short test summary info ========================================= 
FAILED test_priority_arbiter_hidden.py::test_priority_arbiter_hidden_runner - SystemExit: 1
=========================================== 1 failed in 2.71s ============================================ 
*********************************************************
                                                        ** test_priority_arbiter_hidden.test_priority_arbiter   FAIL          41.00           0.00       9123.37  **
                                                        ************************************************************************************************************
                                                        ** TESTS=1 PASS=0 FAIL=1 SKIP=0                                       41.00           0.01       3793.41  **
                                                        ************************************************************************************************************
------------------------------------------- Captured log call -------------------------------------------- 
INFO     Icarus:runner.py:632 Running command iverilog -o 'C:\Users\SreekanthBillupati\Downloads\Phinity_final\priority_arbiter\tests\sim_build\sim.vvp' -s priority_arbiter -g2012 'C:\Users\SreekanthBillupati\Downloads\Phinity_final\priority_arbiter\sources\priority_arbiter.v' in directory C:\Users\SreekanthBillupati\Downloads\Phinity_final\priority_arbiter\tests\sim_build
INFO     Icarus:runner.py:632 Running command vvp -M 'C:\Users\SreekanthBillupati\Downloads\Phinity_final\priority_arbiter\.venv\Lib\site-packages\cocotb\libs' -m cocotbvpi_icarus 'C:\Users\SreekanthBillupati\Downloads\Phinity_final\priority_arbiter\tests\sim_build\sim.vvp' -none in directory C:\Users\SreekanthBillupati\Downloads\Phinity_final\priority_arbiter\tests\sim_build
                                                        ** test_priority_arbiter_hidden.test_priority_arbiter   FAIL          41.00           0.00       9123.37  **
                                                        ************************************************************************************************************
                                                        ** TESTS=1 PASS=0 FAIL=1 SKIP=0                                       41.00           0.01       3793.41  **
                                                        ************************************************************************************************************
er   FAIL          41.00           0.00       9123.37  **
                                                        ************************************************************************************************************
                                                        ** TESTS=1 PASS=0 FAIL=1 SKIP=0                                       41.00           0.01       3793.41  **
                                                        ************************************************************************************************************
                                                        ** TESTS=1 PASS=0 FAIL=1 SKIP=0                                       41.00           0.01       3793.41  **
                                                        ************************************************************************************************************
                   41.00           0.01       3793.41  **
                                                        ************************************************************************************************************
                                                        ************************************************************************************************************
*********************************************************
------------------------------------------- Captured log call -------------------------------------------- 
INFO     Icarus:runner.py:632 Running command iverilog -o 'C:\Users\SreekanthBillupati\Downloads\Phinity_final\priority_arbiter\tests\sim_build\sim.vvp' -s priority_arbiter -g2012 'C:\Users\SreekanthBillupati\Downloads\Phinity_final\priority_arbiter\sources\priority_arbiter.v' in directory C:\Users\SreekanthBillupati\Downloads\Phinity_final\priority_arbiter\tests\sim_build
INFO     Icarus:runner.py:632 Running command vvp -M 'C:\Users\SreekanthBillupati\Downloads\Phinity_final\priority_arbiter\.venv\Lib\site-packages\cocotb\libs' -m cocotbvpi_icarus 'C:\Users\SreekanthBillupati\Downloads\Phinity_final\priority_arbiter\tests\sim_build\sim.vvp' -none in directory C:\Users\SreekanthBillupati\Downloads\Phinity_final\priority_arbiter\tests\sim_build
ERROR    Icarus:runner.py:572 ERROR: Failed 1 of 1 tests.
======================================== short test summary info ========================================= 
FAILED test_priority_arbiter_hidden.py::test_priority_arbiter_hidden_runner - SystemExit: 1
=========================================== 1 failed in 2.71s ====================================uv run pytest test_priority_arbiter_hidden.py::test_priority_arbiter_hidden_runner -viority_arbiter\tests>
========================================== test session starts ===========================================
platform win32 -- Python 3.13.7, pytest-9.0.2, pluggy-1.6.0 -- C:\Users\SreekanthBillupati\Downloads\Phinity_final\priority_arbiter\.venv\Scripts\python.exe
cachedir: .pytest_cache
rootdir: C:\Users\SreekanthBillupati\Downloads\Phinity_final\priority_arbiter
configfile: pyproject.toml
collected 1 item                                                                                          

test_priority_arbiter_hidden.py::test_priority_arbiter_hidden_runner PASSED                         [100%]

=========================================== 1 passed in 2.58s ============================================ 
(priority-arbiter) PS C:\Users\SreekanthBillupati\Downloads\Phinity_final\priority_arbiter\tests> 